<?xml version="1.0" encoding="UTF-8"?>
<!-- Generated by org.testng.reporters.JUnitReportReporter -->
<testsuite skipped="0" hostname="HP840G3-2192" name="com.movemoney.zelle.accounts.TestAccounts" tests="3" failures="0" timestamp="2020-03-08T10:54:37 IST" time="30.620" errors="0">
  <testcase name="updateAccountTest" time="9.126" classname="com.movemoney.zelle.accounts.TestAccounts"/>
  <system-out/>
  <testcase name="deleteAccountTest" time="9.890" classname="com.movemoney.zelle.accounts.TestAccounts"/>
  <system-out/>
  <testcase name="createAccountTest" time="11.604" classname="com.movemoney.zelle.accounts.TestAccounts"/>
  <system-out/>
</testsuite> <!-- com.movemoney.zelle.accounts.TestAccounts -->
